
-------------------------------------------------------------------
[SimpleConfiguration] Cannot store values!
java.io.FileNotFoundException: C:\Users\ivan_\AppData\Roaming\.tlauncher\tlauncher-2.0.properties (Системе не удается найти указанный путь)
at java.io.FileOutputStream.open0(Native Method)
at java.io.FileOutputStream.open(Unknown Source)
at java.io.FileOutputStream.<init>(Unknown Source)
at java.io.FileOutputStream.<init>(Unknown Source)
at org.tlauncher.tlauncher.configuration.SimpleConfiguration.save(SimpleConfiguration.java:231)
at org.tlauncher.tlauncher.configuration.SimpleConfiguration.store(SimpleConfiguration.java:236)
at org.tlauncher.tlauncher.configuration.SimpleConfiguration.set(SimpleConfiguration.java:80)
at org.tlauncher.tlauncher.rmo.Bootstrapper.valitdateKB4515384(Bootstrapper.java:155)
at org.tlauncher.tlauncher.rmo.Bootstrapper.main(Bootstrapper.java:106)

run double running protection
[Downloader2] Loaded configuration: normal
[Downloader2] Files in queue 14
[Downloader2] Starting download 14 files...
[D#1] >  http://repo.tlauncher.org/update/downloads/libraries/com/google/inject/guice/4.1.0/guice-4.1.0.jar 
[D#2] >  http://advancedrepository.com/update/downloads/libraries/javax/inject/javax.inject/1/javax.inject-1.jar 
[D#1] >  http://advancedrepository.com/update/downloads/libraries/com/google/inject/extentions/guice-assistedinject/4.1.0/guice-assistedinject-4.1.0.jar 
[D#2] >  http://repo.tlauncher.org/update/downloads/libraries/aopalliance/aopalliance/1.0/aopalliance-1.0.jar 
[D#2] >  http://repo.tlauncher.org/update/downloads/libraries/net/sf/jopt-simple/jopt-simple/4.9/jopt-simple-4.9.jar 
[D#2] >  https://securerepository.net/update/downloads/libraries/log4j/log4j/1.2.17/log4j-1.2.17.jar 
[D#1] >  https://securerepository.net/update/downloads/libraries/com/google/guava/guava/19.0/guava-19.0.jar 
[D#2] >  http://advancedrepository.com/update/downloads/libraries/org/tlauncher/tlauncher-resource/1.4/tlauncher-resource-1.4.jar 
[D#2] >  http://repo.tlauncher.org/update/downloads/libraries/com/github/junrar/junrar/0.7/junrar-0.7.jar 
[D#2] >  https://securerepository.net/update/downloads/libraries/dnsjava/dnsjava/2.1.8/dnsjava-2.1.8.jar 
[D#1] >  http://advancedrepository.com/update/downloads/libraries/org/apache/commons/commons-lang3/3.4/commons-lang3-3.4.jar 
[D#1] >  http://advancedrepository.com/update/downloads/libraries/org/tukaani/xz/1.5/xz-1.5.jar 
[D#1] >  https://securerepository.net/update/downloads/libraries/org/tlauncher/picture-bundle/2.9/picture-bundle-2.9.jar 
[D#1] >  http://advancedrepository.com/update/downloads/libraries/org/tlauncher/skin-server-API/1.0/skin-server-API-1.0.jar 
[Bootstrapper] createLauncher
path C:\Program Files\Java\jre1.8.0_51
[Bootstrapper] choose jvm:C:\Program Files\Java\jre1.8.0_51\bin\javaw.exe
[Bootstrapper] validate files
[Bootstrapper] end validated files
[Bootstrapper] Starting launcher...
> Creating configuration file...
> Loading configuration from file: C:\Users\ivan_\AppData\Roaming\.tlauncher\tlauncher-2.0.properties
> [Configuration] Constant values: {}
> [Configuration] Key "minecraft.versions.release" is invalid!
> [Configuration] Key "minecraft.versions.sub.old_release" is invalid!
> [Configuration] Key "minecraft.onlaunch" is invalid!
> [Configuration] Key "gui.notice.ad_server" is invalid!
> [Configuration] Key "gui.notice.ad_other" is invalid!
> [Configuration] Key "gui.settings.servers.recommendation" is invalid!
> [Configuration] Key "minecraft.gamedir" is invalid!
> [Configuration] Key "gui.statistics.checkbox" is invalid!
> [Configuration] Key "minecraft.versions.sub.remote" is invalid!
> [Configuration] Key "gui.console.width" is invalid!
> [Configuration] Key "gui.console.height" is invalid!
> [Configuration] Key "minecraft.versions.modified" is invalid!
> [Configuration] Key "gui.console.x" is invalid!
> [Configuration] Key "gui.settings.guard.checkbox" is invalid!
> [Configuration] Key "minecraft.memory.ram2" is invalid!
> [Configuration] Key "gui.console.y" is invalid!
> [Configuration] Key "gui.console" is invalid!
> [Configuration] Key "minecraft.size" is invalid!
> [Configuration] Key "client" is invalid!
> [Configuration] Key "connection" is invalid!
> [Configuration] Key "minecraft.fullscreen" is invalid!
> [Configuration] Key "gui.notice.ad_youtube" is invalid!
> [Configuration] Selected locale is not supported, rolling back to default one
> [Loading] INITIALIZING
> Starting TLauncher 2.72 RELEASE
> For more information, visit https://tlauncher.org/
> Startup time: 05.08.2020 17:18:12
> ---
> run double running protection
> [Loading] LOADING_CONFIGURATION
> Machine info: -------------------------------------------------------
> Windows 8.1 6.3, Java 1.8.0_51, jvm bit x64, 16304 MB RAM
> java path=C:\Program Files\Java\jre1.8.0_51\bin\javaw.exe
> -------------------------------------------------------
> Selected locale: ru_RU
> [Loading] LOADING_CONSOLE
> [Downloader2] Loaded configuration: good
> [Updater] Requesting an update...
> [Updater] Requesting from: http://repo.tlauncher.org/update/lch/update_2.0.json
> [Updater] Making request: http://repo.tlauncher.org/update/lch/update_2.0.json?version=2.72&client=8b24b6da-4f3a-401e-85a6-948edfe15dce
> [Updater] Request time: 142 ms
> [Updater] Successfully requested from: http://repo.tlauncher.org/update/lch/update_2.0.json
> [Browser] Loading resources...
> [Browser] Loading background...
> [JFXStartPageLoader]  start load page: http://page.tlauncher.org/update/downloads/configs/client/index.html
> [Browser] Cleaning up after loading:
> Starting garbage collector: 75 / 193 MB
> Garbage collector completed: 16 / 193 MB
> [Browser] Running in JavaFX Thread
> [Browser] Preparing JavaFX...
> [Loading] LOADING_MANAGERS
> [LocalVersionList] Base directory: C:\Users\ivan_\AppData\Roaming\.minecraft
> [ProfileManager] Refreshing profiles from: C:\Users\ivan_\AppData\Roaming\.minecraft\TlauncherProfiles.json
> [GsonUtil]  request to http://repo.tlauncher.org/update/downloads/libraries/org/tlauncher/authlib/libraries-1.6.json
> [AdvertisingStatusObserver]  started to get ad information
> [AdvertisingStatusObserver]  finished to get add information
> [Loading] LOADING_WINDOW
> [Swing] Favicons loaded: 256px, 128px, 96px, 64px, 48px, 32px, 24px, 16px
> [Browser] Initializing...
> [Loading] PREPARING_MAINPANE
> [REPO][SERVER_LIST_REPO] Success: Reached the repo in 171 ms.
> [JFXStartPageLoader]  succeeded load page: http://page.tlauncher.org/update/downloads/configs/client/index.html during 0
> [Browser@2019049615] Loaded successfully: "http://page.tlauncher.org/update/downloads/configs/client/index.html"
> [Browser] add listens into server_choose
> [Browser] finished listens into server_choose
> [Downloader2] Loaded configuration: good
> [Loading] POSTINIT_GUI
> [Frame] Packing main frame...
> [Frame] Resizing main pane...
> Updater is already closed. Showing up...
> Visibility set.
> [Loading] REFRESHING_INFO
> [VersionManager] Refreshing versions remotely...
> [REPO][EXTRA_VERSION_REPO] Attempt #1; timeout: 45000 ms; url: http://repo.tlauncher.org/update/downloads/versions/new3/
> Started! (3865 ms.)
> [Loading] SUCCESS
[Bootstrapper] I can be terminated now: 0
